<?xml version="1.0" encoding="UTF-8"?>
<coverage generated="1753659475688" clover="3.2.0">
  <project timestamp="1753659475688" name="All files">
    <metrics statements="46" coveredstatements="46" conditionals="53" coveredconditionals="53" methods="18" coveredmethods="18" elements="117" coveredelements="117" complexity="0" loc="46" ncloc="46" packages="6" files="6" classes="6"/>
    <package name="src">
      <metrics statements="26" coveredstatements="26" conditionals="12" coveredconditionals="12" methods="8" coveredmethods="8"/>
      <file name="App.tsx" path="/Users/kevin.uehara/Projects/alura/alura-buscante/src/App.tsx">
        <metrics statements="26" coveredstatements="26" conditionals="12" coveredconditionals="12" methods="8" coveredmethods="8"/>
        <line num="1" count="2" type="stmt"/>
        <line num="2" count="2" type="stmt"/>
        <line num="3" count="2" type="stmt"/>
        <line num="5" count="2" type="stmt"/>
        <line num="6" count="2" type="stmt"/>
        <line num="7" count="2" type="stmt"/>
        <line num="10" count="15" type="stmt"/>
        <line num="11" count="15" type="stmt"/>
        <line num="12" count="15" type="stmt"/>
        <line num="13" count="15" type="stmt"/>
        <line num="15" count="15" type="stmt"/>
        <line num="16" count="4" type="stmt"/>
        <line num="17" count="4" type="stmt"/>
        <line num="18" count="4" type="stmt"/>
        <line num="26" count="3" type="stmt"/>
        <line num="28" count="1" type="stmt"/>
        <line num="29" count="1" type="stmt"/>
        <line num="31" count="4" type="stmt"/>
        <line num="35" count="15" type="stmt"/>
        <line num="61" count="4" type="stmt"/>
        <line num="117" count="22" type="stmt"/>
        <line num="121" count="1" type="stmt"/>
        <line num="122" count="1" type="stmt"/>
        <line num="133" count="1" type="stmt"/>
        <line num="153" count="2" type="stmt"/>
        <line num="160" count="2" type="cond" truecount="2" falsecount="0"/>
      </file>
    </package>
    <package name="src.components.BookCard">
      <metrics statements="3" coveredstatements="3" conditionals="18" coveredconditionals="18" methods="2" coveredmethods="2"/>
      <file name="index.tsx" path="/Users/kevin.uehara/Projects/alura/alura-buscante/src/components/BookCard/index.tsx">
        <metrics statements="3" coveredstatements="3" conditionals="18" coveredconditionals="18" methods="2" coveredmethods="2"/>
        <line num="8" count="3" type="stmt"/>
        <line num="9" count="25" type="stmt"/>
        <line num="69" count="2" type="stmt"/>
      </file>
    </package>
    <package name="src.components.Brand">
      <metrics statements="2" coveredstatements="2" conditionals="0" coveredconditionals="0" methods="1" coveredmethods="1"/>
      <file name="index.tsx" path="/Users/kevin.uehara/Projects/alura/alura-buscante/src/components/Brand/index.tsx">
        <metrics statements="2" coveredstatements="2" conditionals="0" coveredconditionals="0" methods="1" coveredmethods="1"/>
        <line num="7" count="3" type="stmt"/>
        <line num="11" count="32" type="stmt"/>
      </file>
    </package>
    <package name="src.components.Dialog">
      <metrics statements="2" coveredstatements="2" conditionals="20" coveredconditionals="20" methods="1" coveredmethods="1"/>
      <file name="index.tsx" path="/Users/kevin.uehara/Projects/alura/alura-buscante/src/components/Dialog/index.tsx">
        <metrics statements="2" coveredstatements="2" conditionals="20" coveredconditionals="20" methods="1" coveredmethods="1"/>
        <line num="8" count="3" type="stmt"/>
        <line num="9" count="4" type="stmt"/>
      </file>
    </package>
    <package name="src.components.SearchInput">
      <metrics statements="10" coveredstatements="10" conditionals="3" coveredconditionals="3" methods="4" coveredmethods="4"/>
      <file name="index.tsx" path="/Users/kevin.uehara/Projects/alura/alura-buscante/src/components/SearchInput/index.tsx">
        <metrics statements="10" coveredstatements="10" conditionals="3" coveredconditionals="3" methods="4" coveredmethods="4"/>
        <line num="1" count="3" type="stmt"/>
        <line num="7" count="3" type="stmt"/>
        <line num="8" count="64" type="stmt"/>
        <line num="10" count="64" type="stmt"/>
        <line num="11" count="50" type="cond" truecount="1" falsecount="0"/>
        <line num="12" count="5" type="stmt"/>
        <line num="13" count="5" type="stmt"/>
        <line num="17" count="64" type="stmt"/>
        <line num="33" count="45" type="stmt"/>
        <line num="36" count="1" type="stmt"/>
      </file>
    </package>
    <package name="src.mocks">
      <metrics statements="3" coveredstatements="3" conditionals="0" coveredconditionals="0" methods="2" coveredmethods="2"/>
      <file name="index.ts" path="/Users/kevin.uehara/Projects/alura/alura-buscante/src/mocks/index.ts">
        <metrics statements="3" coveredstatements="3" conditionals="0" coveredconditionals="0" methods="2" coveredmethods="2"/>
        <line num="1" count="3" type="stmt"/>
        <line num="4" count="3" type="stmt"/>
        <line num="5" count="5" type="stmt"/>
      </file>
    </package>
  </project>
</coverage>
