{"/Users/kevin.uehara/Projects/alura/alura-buscante/src/App.tsx": {"path":"/Users/kevin.uehara/Projects/alura/alura-buscante/src/App.tsx","statementMap":{"0":{"start":{"line":1,"column":0},"end":{"line":1,"column":46}},"1":{"start":{"line":2,"column":0},"end":{"line":2,"column":43}},"2":{"start":{"line":3,"column":0},"end":{"line":3,"column":55}},"3":{"start":{"line":5,"column":0},"end":{"line":5,"column":26}},"4":{"start":{"line":6,"column":0},"end":{"line":6,"column":49}},"5":{"start":{"line":7,"column":0},"end":{"line":7,"column":45}},"6":{"start":{"line":10,"column":42},"end":{"line":10,"column":73}},"7":{"start":{"line":11,"column":42},"end":{"line":11,"column":68}},"8":{"start":{"line":12,"column":38},"end":{"line":12,"column":53}},"9":{"start":{"line":13,"column":36},"end":{"line":13,"column":51}},"10":{"start":{"line":15,"column":21},"end":{"line":33,"column":8}},"11":{"start":{"line":15,"column":57},"end":{"line":33,"column":5}},"12":{"start":{"line":16,"column":4},"end":{"line":16,"column":23}},"13":{"start":{"line":17,"column":4},"end":{"line":32,"column":5}},"14":{"start":{"line":18,"column":23},"end":{"line":24,"column":null}},"15":{"start":{"line":26,"column":6},"end":{"line":26,"column":37}},"16":{"start":{"line":28,"column":26},"end":{"line":28,"column":110}},"17":{"start":{"line":29,"column":6},"end":{"line":29,"column":26}},"18":{"start":{"line":31,"column":6},"end":{"line":31,"column":26}},"19":{"start":{"line":35,"column":2},"end":{"line":150,"column":4}},"20":{"start":{"line":61,"column":44},"end":{"line":61,"column":61}},"21":{"start":{"line":117,"column":14},"end":{"line":119,"column":null}},"22":{"start":{"line":121,"column":18},"end":{"line":121,"column":40}},"23":{"start":{"line":122,"column":18},"end":{"line":122,"column":38}},"24":{"start":{"line":133,"column":53},"end":{"line":133,"column":73}},"25":{"start":{"line":153,"column":0},"end":{"line":153,"column":19}},"26":{"start":{"line":160,"column":85},"end":{"line":160,"column":40134}},"27":{"start":{"line":160,"column":89},"end":{"line":160,"column":40123}},"28":{"start":{"line":160,"column":40249},"end":{"line":160,"column":40255}},"29":{"start":{"line":160,"column":40370},"end":{"line":160,"column":40376}},"30":{"start":{"line":160,"column":40491},"end":{"line":160,"column":40497}},"31":{"start":{"line":160,"column":40616},"end":{"line":160,"column":40622}},"32":{"start":{"line":160,"column":40766},"end":{"line":160,"column":40772}}},"fnMap":{"0":{"name":"App","decl":{"start":{"line":9,"column":9},"end":{"line":9,"column":12}},"loc":{"start":{"line":9,"column":12},"end":{"line":151,"column":1}}},"1":{"name":"(anonymous_9)","decl":{"start":{"line":15,"column":33},"end":{"line":15,"column":40}},"loc":{"start":{"line":15,"column":57},"end":{"line":33,"column":5}}},"2":{"name":"(anonymous_10)","decl":{"start":{"line":15,"column":57},"end":{"line":15,"column":null}},"loc":{"start":{"line":15,"column":57},"end":{"line":33,"column":3}}},"3":{"name":"(anonymous_11)","decl":{"start":{"line":61,"column":33},"end":{"line":61,"column":34}},"loc":{"start":{"line":61,"column":44},"end":{"line":61,"column":61}}},"4":{"name":"(anonymous_12)","decl":{"start":{"line":116,"column":36},"end":{"line":116,"column":37}},"loc":{"start":{"line":117,"column":14},"end":{"line":119,"column":null}}},"5":{"name":"(anonymous_13)","decl":{"start":{"line":120,"column":32},"end":{"line":120,"column":33}},"loc":{"start":{"line":120,"column":41},"end":{"line":123,"column":17}}},"6":{"name":"(anonymous_14)","decl":{"start":{"line":133,"column":47},"end":{"line":133,"column":50}},"loc":{"start":{"line":133,"column":53},"end":{"line":133,"column":73}}},"7":{"name":"oo_cm","decl":{"start":{"line":160,"column":77},"end":{"line":160,"column":82}},"loc":{"start":{"line":160,"column":82},"end":{"line":160,"column":40135}}}},"branchMap":{"0":{"loc":{"start":{"line":71,"column":7},"end":{"line":84,"column":null}},"type":"binary-expr","locations":[{"start":{"line":71,"column":7},"end":{"line":71,"column":20}},{"start":{"line":72,"column":8},"end":{"line":83,"column":null}}]},"1":{"loc":{"start":{"line":87,"column":7},"end":{"line":110,"column":null}},"type":"binary-expr","locations":[{"start":{"line":87,"column":7},"end":{"line":87,"column":16}},{"start":{"line":88,"column":8},"end":{"line":109,"column":null}}]},"2":{"loc":{"start":{"line":113,"column":7},"end":{"line":127,"column":null}},"type":"binary-expr","locations":[{"start":{"line":113,"column":7},"end":{"line":113,"column":19}},{"start":{"line":113,"column":23},"end":{"line":113,"column":50}},{"start":{"line":114,"column":8},"end":{"line":126,"column":null}}]},"3":{"loc":{"start":{"line":130,"column":7},"end":{"line":134,"column":null}},"type":"binary-expr","locations":[{"start":{"line":130,"column":7},"end":{"line":130,"column":17}},{"start":{"line":130,"column":21},"end":{"line":130,"column":33}},{"start":{"line":131,"column":8},"end":{"line":133,"column":null}}]},"4":{"loc":{"start":{"line":160,"column":96},"end":{"line":160,"column":40122}},"type":"binary-expr","locations":[{"start":{"line":160,"column":96},"end":{"line":160,"column":133}},{"start":{"line":160,"column":137},"end":{"line":160,"column":40122}}]}},"s":{"0":2,"1":2,"2":2,"3":2,"4":2,"5":2,"6":15,"7":15,"8":15,"9":15,"10":15,"11":4,"12":4,"13":4,"14":4,"15":3,"16":1,"17":1,"18":4,"19":15,"20":4,"21":22,"22":1,"23":1,"24":1,"25":2,"26":1,"27":1,"28":2,"29":2,"30":2,"31":2,"32":2},"f":{"0":15,"1":4,"2":4,"3":4,"4":22,"5":1,"6":1,"7":1},"b":{"0":[15,10],"1":[15,4],"2":[15,5,5],"3":[15,1,1],"4":[1,1]}}
,"/Users/kevin.uehara/Projects/alura/alura-buscante/src/components/BookCard/index.tsx": {"path":"/Users/kevin.uehara/Projects/alura/alura-buscante/src/components/BookCard/index.tsx","statementMap":{"0":{"start":{"line":8,"column":24},"end":{"line":76,"column":1}},"1":{"start":{"line":9,"column":2},"end":{"line":75,"column":4}},"2":{"start":{"line":69,"column":25},"end":{"line":69,"column":49}},"3":{"start":{"line":8,"column":13},"end":{"line":8,"column":24}}},"fnMap":{"0":{"name":"(anonymous_0)","decl":{"start":{"line":8,"column":24},"end":{"line":8,"column":25}},"loc":{"start":{"line":8,"column":72},"end":{"line":76,"column":1}}},"1":{"name":"(anonymous_1)","decl":{"start":{"line":69,"column":19},"end":{"line":69,"column":22}},"loc":{"start":{"line":69,"column":25},"end":{"line":69,"column":49}}}},"branchMap":{"0":{"loc":{"start":{"line":14,"column":10},"end":{"line":14,"column":null}},"type":"cond-expr","locations":[{"start":{"line":14,"column":54},"end":{"line":14,"column":64}},{"start":{"line":14,"column":67},"end":{"line":14,"column":null}}]},"1":{"loc":{"start":{"line":14,"column":10},"end":{"line":14,"column":51}},"type":"cond-expr","locations":[{"start":{"line":14,"column":40},"end":{"line":14,"column":42}},{"start":{"line":14,"column":40},"end":{"line":14,"column":51}}]},"2":{"loc":{"start":{"line":14,"column":10},"end":{"line":14,"column":42}},"type":"binary-expr","locations":[{"start":{"line":14,"column":10},"end":{"line":14,"column":42}},{"start":{"line":14,"column":40},"end":{"line":14,"column":42}}]},"3":{"loc":{"start":{"line":17,"column":9},"end":{"line":28,"column":null}},"type":"cond-expr","locations":[{"start":{"line":18,"column":10},"end":{"line":21,"column":null}},{"start":{"line":24,"column":10},"end":{"line":27,"column":null}}]},"4":{"loc":{"start":{"line":17,"column":9},"end":{"line":17,"column":50}},"type":"cond-expr","locations":[{"start":{"line":17,"column":39},"end":{"line":17,"column":41}},{"start":{"line":17,"column":39},"end":{"line":17,"column":50}}]},"5":{"loc":{"start":{"line":17,"column":9},"end":{"line":17,"column":41}},"type":"binary-expr","locations":[{"start":{"line":17,"column":9},"end":{"line":17,"column":41}},{"start":{"line":17,"column":39},"end":{"line":17,"column":41}}]},"6":{"loc":{"start":{"line":37,"column":11},"end":{"line":43,"column":null}},"type":"binary-expr","locations":[{"start":{"line":37,"column":11},"end":{"line":37,"column":38}},{"start":{"line":38,"column":12},"end":{"line":42,"column":null}}]},"7":{"loc":{"start":{"line":45,"column":11},"end":{"line":55,"column":null}},"type":"binary-expr","locations":[{"start":{"line":45,"column":11},"end":{"line":45,"column":44}},{"start":{"line":46,"column":12},"end":{"line":54,"column":null}}]},"8":{"loc":{"start":{"line":57,"column":11},"end":{"line":63,"column":null}},"type":"binary-expr","locations":[{"start":{"line":57,"column":11},"end":{"line":57,"column":40}},{"start":{"line":58,"column":12},"end":{"line":62,"column":null}}]}},"s":{"0":3,"1":25,"2":2,"3":3},"f":{"0":25,"1":2},"b":{"0":[24,1],"1":[1,24],"2":[25,25],"3":[24,1],"4":[1,24],"5":[25,25],"6":[25,23],"7":[25,23],"8":[25,25]}}
,"/Users/kevin.uehara/Projects/alura/alura-buscante/src/components/Brand/index.tsx": {"path":"/Users/kevin.uehara/Projects/alura/alura-buscante/src/components/Brand/index.tsx","statementMap":{"0":{"start":{"line":7,"column":21},"end":{"line":16,"column":1}},"1":{"start":{"line":11,"column":2},"end":{"line":15,"column":4}},"2":{"start":{"line":7,"column":13},"end":{"line":7,"column":21}}},"fnMap":{"0":{"name":"(anonymous_0)","decl":{"start":{"line":7,"column":21},"end":{"line":7,"column":22}},"loc":{"start":{"line":10,"column":36},"end":{"line":16,"column":1}}}},"branchMap":{},"s":{"0":3,"1":32,"2":3},"f":{"0":32},"b":{}}
,"/Users/kevin.uehara/Projects/alura/alura-buscante/src/components/Dialog/index.tsx": {"path":"/Users/kevin.uehara/Projects/alura/alura-buscante/src/components/Dialog/index.tsx","statementMap":{"0":{"start":{"line":8,"column":22},"end":{"line":104,"column":1}},"1":{"start":{"line":9,"column":2},"end":{"line":103,"column":4}},"2":{"start":{"line":8,"column":13},"end":{"line":8,"column":22}}},"fnMap":{"0":{"name":"(anonymous_0)","decl":{"start":{"line":8,"column":22},"end":{"line":8,"column":23}},"loc":{"start":{"line":8,"column":57},"end":{"line":104,"column":1}}}},"branchMap":{"0":{"loc":{"start":{"line":17,"column":12},"end":{"line":17,"column":null}},"type":"cond-expr","locations":[{"start":{"line":17,"column":52},"end":{"line":17,"column":62}},{"start":{"line":17,"column":65},"end":{"line":17,"column":null}}]},"1":{"loc":{"start":{"line":17,"column":12},"end":{"line":17,"column":49}},"type":"cond-expr","locations":[{"start":{"line":17,"column":38},"end":{"line":17,"column":40}},{"start":{"line":17,"column":38},"end":{"line":17,"column":49}}]},"2":{"loc":{"start":{"line":17,"column":12},"end":{"line":17,"column":40}},"type":"binary-expr","locations":[{"start":{"line":17,"column":12},"end":{"line":17,"column":40}},{"start":{"line":17,"column":38},"end":{"line":17,"column":40}}]},"3":{"loc":{"start":{"line":20,"column":11},"end":{"line":31,"column":null}},"type":"cond-expr","locations":[{"start":{"line":21,"column":12},"end":{"line":24,"column":null}},{"start":{"line":27,"column":12},"end":{"line":30,"column":null}}]},"4":{"loc":{"start":{"line":20,"column":11},"end":{"line":20,"column":48}},"type":"cond-expr","locations":[{"start":{"line":20,"column":37},"end":{"line":20,"column":39}},{"start":{"line":20,"column":37},"end":{"line":20,"column":48}}]},"5":{"loc":{"start":{"line":20,"column":11},"end":{"line":20,"column":39}},"type":"binary-expr","locations":[{"start":{"line":20,"column":11},"end":{"line":20,"column":39}},{"start":{"line":20,"column":37},"end":{"line":20,"column":39}}]},"6":{"loc":{"start":{"line":40,"column":13},"end":{"line":48,"column":null}},"type":"binary-expr","locations":[{"start":{"line":40,"column":13},"end":{"line":40,"column":36}},{"start":{"line":41,"column":14},"end":{"line":47,"column":null}}]},"7":{"loc":{"start":{"line":50,"column":13},"end":{"line":60,"column":null}},"type":"binary-expr","locations":[{"start":{"line":50,"column":13},"end":{"line":50,"column":42}},{"start":{"line":51,"column":14},"end":{"line":59,"column":null}}]},"8":{"loc":{"start":{"line":62,"column":13},"end":{"line":68,"column":null}},"type":"binary-expr","locations":[{"start":{"line":62,"column":13},"end":{"line":62,"column":38}},{"start":{"line":63,"column":14},"end":{"line":67,"column":null}}]},"9":{"loc":{"start":{"line":71,"column":13},"end":{"line":79,"column":null}},"type":"binary-expr","locations":[{"start":{"line":71,"column":13},"end":{"line":71,"column":38}},{"start":{"line":72,"column":14},"end":{"line":78,"column":null}}]}},"s":{"0":3,"1":4,"2":3},"f":{"0":4},"b":{"0":[3,1],"1":[1,3],"2":[4,4],"3":[3,1],"4":[1,3],"5":[4,4],"6":[4,4],"7":[4,4],"8":[4,4],"9":[4,4]}}
,"/Users/kevin.uehara/Projects/alura/alura-buscante/src/components/SearchInput/index.tsx": {"path":"/Users/kevin.uehara/Projects/alura/alura-buscante/src/components/SearchInput/index.tsx","statementMap":{"0":{"start":{"line":1,"column":0},"end":{"line":1,"column":33}},"1":{"start":{"line":7,"column":27},"end":{"line":45,"column":1}},"2":{"start":{"line":8,"column":40},"end":{"line":8,"column":52}},"3":{"start":{"line":10,"column":25},"end":{"line":15,"column":3}},"4":{"start":{"line":11,"column":4},"end":{"line":14,"column":5}},"5":{"start":{"line":12,"column":6},"end":{"line":12,"column":28}},"6":{"start":{"line":13,"column":6},"end":{"line":13,"column":25}},"7":{"start":{"line":17,"column":2},"end":{"line":44,"column":4}},"8":{"start":{"line":33,"column":25},"end":{"line":33,"column":55}},"9":{"start":{"line":36,"column":56},"end":{"line":36,"column":77}},"10":{"start":{"line":7,"column":13},"end":{"line":7,"column":27}}},"fnMap":{"0":{"name":"(anonymous_0)","decl":{"start":{"line":7,"column":27},"end":{"line":7,"column":28}},"loc":{"start":{"line":7,"column":62},"end":{"line":45,"column":1}}},"1":{"name":"(anonymous_1)","decl":{"start":{"line":10,"column":25},"end":{"line":10,"column":26}},"loc":{"start":{"line":10,"column":74},"end":{"line":15,"column":3}}},"2":{"name":"(anonymous_2)","decl":{"start":{"line":33,"column":18},"end":{"line":33,"column":19}},"loc":{"start":{"line":33,"column":25},"end":{"line":33,"column":55}}},"3":{"name":"(anonymous_3)","decl":{"start":{"line":36,"column":50},"end":{"line":36,"column":53}},"loc":{"start":{"line":36,"column":56},"end":{"line":36,"column":77}}}},"branchMap":{"0":{"loc":{"start":{"line":11,"column":4},"end":{"line":14,"column":5}},"type":"if","locations":[{"start":{"line":11,"column":4},"end":{"line":14,"column":5}}]},"1":{"loc":{"start":{"line":19,"column":7},"end":{"line":24,"column":null}},"type":"binary-expr","locations":[{"start":{"line":19,"column":7},"end":{"line":19,"column":31}},{"start":{"line":20,"column":8},"end":{"line":23,"column":null}}]}},"s":{"0":3,"1":3,"2":64,"3":64,"4":50,"5":5,"6":5,"7":64,"8":45,"9":1,"10":3},"f":{"0":64,"1":50,"2":45,"3":1},"b":{"0":[5],"1":[64,19]}}
,"/Users/kevin.uehara/Projects/alura/alura-buscante/src/mocks/index.ts": {"path":"/Users/kevin.uehara/Projects/alura/alura-buscante/src/mocks/index.ts","statementMap":{"0":{"start":{"line":1,"column":0},"end":{"line":1,"column":40}},"1":{"start":{"line":4,"column":32},"end":{"line":23,"column":1}},"2":{"start":{"line":5,"column":2},"end":{"line":22,"column":6}},"3":{"start":{"line":5,"column":46},"end":{"line":22,"column":4}},"4":{"start":{"line":4,"column":13},"end":{"line":4,"column":32}}},"fnMap":{"0":{"name":"(anonymous_0)","decl":{"start":{"line":4,"column":32},"end":{"line":4,"column":33}},"loc":{"start":{"line":4,"column":67},"end":{"line":23,"column":1}}},"1":{"name":"(anonymous_1)","decl":{"start":{"line":5,"column":38},"end":{"line":5,"column":39}},"loc":{"start":{"line":5,"column":46},"end":{"line":22,"column":4}}}},"branchMap":{},"s":{"0":3,"1":3,"2":3,"3":5,"4":3},"f":{"0":3,"1":5},"b":{}}
}
