TN:
SF:src/App.tsx
FN:9,App
FN:15,(anonymous_9)
FN:15,(anonymous_10)
FN:61,(anonymous_11)
FN:116,(anonymous_12)
FN:120,(anonymous_13)
FN:133,(anonymous_14)
FN:160,oo_cm
FNF:8
FNH:8
FNDA:15,App
FNDA:4,(anonymous_9)
FNDA:4,(anonymous_10)
FNDA:4,(anonymous_11)
FNDA:22,(anonymous_12)
FNDA:1,(anonymous_13)
FNDA:1,(anonymous_14)
FNDA:1,oo_cm
DA:1,2
DA:2,2
DA:3,2
DA:5,2
DA:6,2
DA:7,2
DA:10,15
DA:11,15
DA:12,15
DA:13,15
DA:15,15
DA:16,4
DA:17,4
DA:18,4
DA:26,3
DA:28,1
DA:29,1
DA:31,4
DA:35,15
DA:61,4
DA:117,22
DA:121,1
DA:122,1
DA:133,1
DA:153,2
DA:160,2
LF:26
LH:26
BRDA:71,0,0,15
BRDA:71,0,1,10
BRDA:87,1,0,15
BRDA:87,1,1,4
BRDA:113,2,0,15
BRDA:113,2,1,5
BRDA:113,2,2,5
BRDA:130,3,0,15
BRDA:130,3,1,1
BRDA:130,3,2,1
BRDA:160,4,0,1
BRDA:160,4,1,1
BRF:12
BRH:12
end_of_record
TN:
SF:src/components/BookCard/index.tsx
FN:8,(anonymous_0)
FN:69,(anonymous_1)
FNF:2
FNH:2
FNDA:25,(anonymous_0)
FNDA:2,(anonymous_1)
DA:8,3
DA:9,25
DA:69,2
LF:3
LH:3
BRDA:14,0,0,24
BRDA:14,0,1,1
BRDA:14,1,0,1
BRDA:14,1,1,24
BRDA:14,2,0,25
BRDA:14,2,1,25
BRDA:17,3,0,24
BRDA:17,3,1,1
BRDA:17,4,0,1
BRDA:17,4,1,24
BRDA:17,5,0,25
BRDA:17,5,1,25
BRDA:37,6,0,25
BRDA:37,6,1,23
BRDA:45,7,0,25
BRDA:45,7,1,23
BRDA:57,8,0,25
BRDA:57,8,1,25
BRF:18
BRH:18
end_of_record
TN:
SF:src/components/Brand/index.tsx
FN:7,(anonymous_0)
FNF:1
FNH:1
FNDA:32,(anonymous_0)
DA:7,3
DA:11,32
LF:2
LH:2
BRF:0
BRH:0
end_of_record
TN:
SF:src/components/Dialog/index.tsx
FN:8,(anonymous_0)
FNF:1
FNH:1
FNDA:4,(anonymous_0)
DA:8,3
DA:9,4
LF:2
LH:2
BRDA:17,0,0,3
BRDA:17,0,1,1
BRDA:17,1,0,1
BRDA:17,1,1,3
BRDA:17,2,0,4
BRDA:17,2,1,4
BRDA:20,3,0,3
BRDA:20,3,1,1
BRDA:20,4,0,1
BRDA:20,4,1,3
BRDA:20,5,0,4
BRDA:20,5,1,4
BRDA:40,6,0,4
BRDA:40,6,1,4
BRDA:50,7,0,4
BRDA:50,7,1,4
BRDA:62,8,0,4
BRDA:62,8,1,4
BRDA:71,9,0,4
BRDA:71,9,1,4
BRF:20
BRH:20
end_of_record
TN:
SF:src/components/SearchInput/index.tsx
FN:7,(anonymous_0)
FN:10,(anonymous_1)
FN:33,(anonymous_2)
FN:36,(anonymous_3)
FNF:4
FNH:4
FNDA:64,(anonymous_0)
FNDA:50,(anonymous_1)
FNDA:45,(anonymous_2)
FNDA:1,(anonymous_3)
DA:1,3
DA:7,3
DA:8,64
DA:10,64
DA:11,50
DA:12,5
DA:13,5
DA:17,64
DA:33,45
DA:36,1
LF:10
LH:10
BRDA:11,0,0,5
BRDA:19,1,0,64
BRDA:19,1,1,19
BRF:3
BRH:3
end_of_record
TN:
SF:src/mocks/index.ts
FN:4,(anonymous_0)
FN:5,(anonymous_1)
FNF:2
FNH:2
FNDA:3,(anonymous_0)
FNDA:5,(anonymous_1)
DA:1,3
DA:4,3
DA:5,5
LF:3
LH:3
BRF:0
BRH:0
end_of_record
